This is pdfTeX, Version 3.141592653-2.6-1.40.25 (MiKTeX 23.10 Portable) (preloaded format=pdflatex 2024.6.4)  4 JUN 2024 23:01
entering extended mode
 restricted \write18 enabled.
 %&-line parsing enabled.
**./resume.tex
(resume.tex
LaTeX2e <2023-06-01> patch level 1
L3 programming layer <2023-08-29>

(C:\Users\DELL\scoop\apps\latex\current\texmfs\install\tex/latex/base\article.c
ls
Document Class: article 2023/05/17 v1.4n Standard LaTeX document class

(C:\Users\DELL\scoop\apps\latex\current\texmfs\install\tex/latex/base\size11.cl
o
File: size11.clo 2023/05/17 v1.4n Standard LaTeX file (size option)
)
\c@part=\count185
\c@section=\count186
\c@subsection=\count187
\c@subsubsection=\count188
\c@paragraph=\count189
\c@subparagraph=\count190
\c@figure=\count191
\c@table=\count192
\abovecaptionskip=\skip48
\belowcaptionskip=\skip49
\bibindent=\dimen140
)
(C:\Users\DELL\scoop\apps\latex\current\texmfs\install\tex/latex/base\latexsym.
sty
Package: latexsym 1998/08/17 v2.2e Standard LaTeX package (lasy symbols)
\symlasy=\mathgroup4
LaTeX Font Info:    Overwriting symbol font `lasy' in version `bold'
(Font)                  U/lasy/m/n --> U/lasy/b/n on input line 52.
)
(C:\Users\DELL\scoop\apps\latex\current\texmfs\install\tex/latex/preprint\fullp
age.sty
Package: fullpage 1999/02/23 1.1 (PWD)
\FP@margin=\skip50
)

! LaTeX Error: File `titlesec.sty' not found.

Type X to quit or <RETURN> to proceed,
or enter new name. (Default extension: sty)

Enter file name: resume.tex
(resume.tex

! LaTeX Error: Two \documentclass or \documentstyle commands.

See the LaTeX manual or LaTeX Companion for explanation.
Type  H <return>  for immediate help.
 ...                                              
                                                  
l.8 \documentclass[letterpaper,11pt]{
                                     article}
? 

! LaTeX Error: File `titlesec.sty' not found.

Type X to quit or <RETURN> to proceed,
or enter new name. (Default extension: sty)

Enter file name: resume.tex

! LaTeX Error: File `marvosym.sty' not found.

Type X to quit or <RETURN> to proceed,
or enter new name. (Default extension: sty)

Enter file name: resume.tex

(C:\Users\DELL\scoop\apps\latex\current\texmfs\install\tex/latex/graphics\color
.sty
Package: color 2022/01/06 v1.3d Standard LaTeX Color (DPC)

(C:\Users\DELL\scoop\apps\latex\current\texmfs\install\tex/latex/graphics-cfg\c
olor.cfg
File: color.cfg 2016/01/02 v1.6 sample color configuration
)
Package color Info: Driver file: pdftex.def on input line 149.

(C:\Users\DELL\scoop\apps\latex\current\texmfs\install\tex/latex/graphics-def\p
dftex.def
File: pdftex.def 2022/09/22 v1.2b Graphics/color driver for pdftex
)
(C:\Users\DELL\scoop\apps\latex\current\texmfs\install\tex/latex/graphics\dvips
nam.def
File: dvipsnam.def 2016/06/17 v3.0m Driver-dependent file (DPC,SPQR)
)
(C:\Users\DELL\scoop\apps\latex\current\texmfs\install\tex/latex/graphics\mathc
olor.ltx))
(C:\Users\DELL\scoop\apps\latex\current\texmfs\install\tex/latex/tools\verbatim
.sty
Package: verbatim 2022-07-02 v1.5u LaTeX2e package for verbatim enhancements
\every@verbatim=\toks17
\verbatim@line=\toks18
\verbatim@in@stream=\read2
)

! LaTeX Error: File `enumitem.sty' not found.

Type X to quit or <RETURN> to proceed,
or enter new name. (Default extension: sty)

Enter file name: resume.tex

(C:\Users\DELL\scoop\apps\latex\current\texmfs\install\tex/latex/hyperref\hyper
ref.sty
Package: hyperref 2023-07-08 v7.01b Hypertext links for LaTeX


! LaTeX Error: File `ltxcmds.sty' not found.

Type X to quit or <RETURN> to proceed,
or enter new name. (Default extension: sty)

Enter file name: resume.tex

LaTeX Warning: You have requested, on input line 109, version
               `2010/11/12' of package resume,
               but only version
               `'
               is available.


(C:\Users\DELL\scoop\apps\latex\current\texmfs\install\tex/generic/iftex\iftex.
sty
Package: iftex 2022/02/03 v1.0f TeX engine tests
)
(C:\Users\DELL\scoop\apps\latex\current\texmfs\install\tex/generic/pdftexcmds\p
dftexcmds.sty
Package: pdftexcmds 2020-06-27 v0.33 Utility functions of pdfTeX for LuaTeX (HO
)


! LaTeX Error: File `infwarerr.sty' not found.

Type X to quit or <RETURN> to proceed,
or enter new name. (Default extension: sty)

Enter file name: resume.tex

LaTeX Warning: You have requested, on input line 184, version
               `2007/09/09' of package resume,
               but only version
               `'
               is available.


! LaTeX Error: File `ltxcmds.sty' not found.

Type X to quit or <RETURN> to proceed,
or enter new name. (Default extension: sty)

Enter file name: resume.tex

LaTeX Warning: You have requested, on input line 186, version
               `2010/12/02' of package resume,
               but only version
               `'
               is available.

! Undefined control sequence.
l.343   \@PackageInfoNoLine
                           {pdftexcmds}{%
? 

! LaTeX Error: Missing \begin{document}.

See the LaTeX manual or LaTeX Companion for explanation.
Type  H <return>  for immediate help.
 ...                                              
                                                  
l.343   \@PackageInfoNoLine{p
                             dftexcmds}{%
? 
! Undefined control sequence.
l.348   \@PackageInfoNoLine
                           {pdftexcmds}{%
? 
! Undefined control sequence.
l.430 \ltx@IfUndefined
                      {pdfdraftmode}{%
? 
! Undefined control sequence.
l.431   \@PackageInfoNoLine
                           {pdftexcmds}{\ltx@backslashchar pdfdraftmode not ...

? 
! Undefined control sequence.
l.431 ...InfoNoLine{pdftexcmds}{\ltx@backslashchar
                                                   pdfdraftmode not found}%
? 
! Undefined control sequence.
l.435     \@PackageInfoNoLine
                             {pdftexcmds}{\ltx@backslashchar pdfdraftmode fo...

? 
! Undefined control sequence.
l.435 ...InfoNoLine{pdftexcmds}{\ltx@backslashchar
                                                   pdfdraftmode found}%
? 
! Undefined control sequence.
l.442 \ifcase\pdftexcmds@temp
                             
? 
! Missing number, treated as zero.
<to be read again> 
                   \let 
l.443   \let
            \pdf@draftmode\ltx@zero
? 
)

! LaTeX Error: File `infwarerr.sty' not found.

Type X to quit or <RETURN> to proceed,
or enter new name. (Default extension: sty)

Enter file name: 

(C:\Users\DELL\scoop\apps\latex\current\texmfs\install\tex/latex/graphics\keyva
l.sty
Package: keyval 2022/05/29 v1.15 key=value parser (DPC)
\KV@toks@=\toks19
)

! LaTeX Error: File `kvsetkeys.sty' not found.

Type X to quit or <RETURN> to proceed,
or enter new name. (Default extension: sty)

Enter file name: 

! LaTeX Error: File `kvdefinekeys.sty' not found.

Type X to quit or <RETURN> to proceed,
or enter new name. (Default extension: sty)

Enter file name: 

! LaTeX Error: File `pdfescape.sty' not found.

Type X to quit or <RETURN> to proceed,
or enter new name. (Default extension: sty)

Enter file name: 

! LaTeX Error: File `hycolor.sty' not found.

Type X to quit or <RETURN> to proceed,
or enter new name. (Default extension: sty)

Enter file name: 

! LaTeX Error: File `letltxmacro.sty' not found.

Type X to quit or <RETURN> to proceed,
or enter new name. (Default extension: sty)

Enter file name: 

! LaTeX Error: File `auxhook.sty' not found.

Type X to quit or <RETURN> to proceed,
or enter new name. (Default extension: sty)

Enter file name: 

(C:\Users\DELL\scoop\apps\latex\current\texmfs\install\tex/latex/hyperref\namer
ef.sty
Package: nameref 2023-08-07 v2.53 Cross-referencing by name of section


! LaTeX Error: File `refcount.sty' not found.

Type X to quit or <RETURN> to proceed,
or enter new name. (Default extension: sty)

Enter file name: 

! LaTeX Error: File `gettitlestring.sty' not found.

Type X to quit or <RETURN> to proceed,
or enter new name. (Default extension: sty)

Enter file name: 

! LaTeX Error: File `ltxcmds.sty' not found.

Type X to quit or <RETURN> to proceed,
or enter new name. (Default extension: sty)

Enter file name: 
! Undefined control sequence.
l.85 \ltx@GlobalAppendToMacro
                             {\label@hook}{%
? 
! Undefined control sequence.
<argument> \ltx@empty 
                      
l.86     \NR@sanitize@labelname
                               
? 
\c@section@level=\count193
! Undefined control sequence.
<argument> \ltx@IfUndefined 
                            {ifheadnameref}{}{\ltx@IfUndefined {M@sect}{}{\l...
l.218   }}{}
            
? 
! Undefined control sequence.
<argument> ... {ifheadnameref}{}{\ltx@IfUndefined 
                                                  {M@sect}{}{\let \NRorg@M@s...
l.218   }}{}
            
? 
! Undefined control sequence.
l.353 \ltx@IfUndefined
                      {@opargbegintheorem}{}{%
? 
)
(C:\Users\DELL\scoop\apps\latex\current\texmfs\install\tex/latex/etoolbox\etool
box.sty
Overfull \hbox (11.05055pt too wide) in paragraph at lines 343--12
[]\OT1/cmr/m/n/10.95 pdftexcmds\pdf@primitive is avail-ablepdf-tex-cmds\pdf@ifp
rimitive is avail-
 []

Package: etoolbox 2020/10/05 v2.5k e-TeX tools for LaTeX (JAW)
\etb@tempcnta=\count194
)
! Undefined control sequence.
l.182 \ltx@IfUndefined
                      {pdfmatch}{%
? 

! LaTeX Error: Missing \begin{document}.

See the LaTeX manual or LaTeX Companion for explanation.
Type  H <return>  for immediate help.
 ...                                              
                                                  
l.182 \ltx@IfUndefined{p
                        dfmatch}{%
? 

! LaTeX Error: File `kvoptions.sty' not found.

Type X to quit or <RETURN> to proceed,
or enter new name. (Default extension: sty)

Enter file name: 
\@linkdim=\dimen141
\Hy@linkcounter=\count195
\Hy@pagecounter=\count196

(C:\Users\DELL\scoop\apps\latex\current\texmfs\install\tex/latex/hyperref\pd1en
c.def
File: pd1enc.def 2023-07-08 v7.01b Hyperref: PDFDocEncoding definition (HO)
Now handling font encoding PD1 ...
... no UTF-8 mapping file for font encoding PD1
)

! LaTeX Error: File `intcalc.sty' not found.

Type X to quit or <RETURN> to proceed,
or enter new name. (Default extension: sty)

Enter file name: 
! Undefined control sequence.
l.1164 \ltx@IfUndefined
                       {tocsection}{%
? 
! Undefined control sequence.
l.1384 \ltx@IfUndefined
                       {directlua}{%
? 
! Undefined control sequence.
l.1614   \lccode`0=\ltx@zero
                            
? 
! Undefined control sequence.
l.1615   \lccode`1=\ltx@zero
                            
? 
! Undefined control sequence.
l.1616   \lccode`3=\ltx@zero
                            
? 
! Undefined control sequence.
l.1617   \lccode`4=\ltx@zero
                            
? 
! Undefined control sequence.
l.1618   \lccode`5=\ltx@zero
                            
? 
! Undefined control sequence.
l.1619   \lccode`7=\ltx@zero
                            
? 
\Hy@SavedSpaceFactor=\count197
! Undefined control sequence.
l.2144 \SetupKeyvalOptions
                          {%
? 
! Undefined control sequence.
\Hy@AtBeginDocument ->\ltx@LocalAppendToMacro 
                                              \Hy@AtBeginDocumentHook 
l.2395 \Hy@AtBeginDocument
                          {%
? 
! Undefined control sequence.
\Hy@AtBeginDocument ...ro \Hy@AtBeginDocumentHook 
                                                  
l.2395 \Hy@AtBeginDocument
                          {%
? 

(C:\Users\DELL\scoop\apps\latex\current\texmfs\install\tex/latex/hyperref\puenc
.def
File: puenc.def 2023-07-08 v7.01b Hyperref: PDF Unicode definition (HO)
Now handling font encoding PU ...
... no UTF-8 mapping file for font encoding PU
)
! Undefined control sequence.
\Hy@AtBeginDocument ->\ltx@LocalAppendToMacro 
                                              \Hy@AtBeginDocumentHook 
l.2456 \Hy@AtBeginDocument
                          {%
? 
! Undefined control sequence.
\Hy@AtBeginDocument ...ro \Hy@AtBeginDocumentHook 
                                                  
l.2456 \Hy@AtBeginDocument
                          {%
? 
! Undefined control sequence.
l.2535 \DeclareVoidOption
                         {tex4ht}{%
? 

! LaTeX Error: Missing \begin{document}.

See the LaTeX manual or LaTeX Companion for explanation.
Type  H <return>  for immediate help.
 ...                                              
                                                  
l.2535 \DeclareVoidOption{t
                           ex4ht}{%
? 
! Undefined control sequence.
l.2537   \kvsetkeys
                   {Hyp}{colorlinks=true}%
? 
! Undefined control sequence.
l.2549 \DeclareVoidOption
                         {pdftex}{%
? 
! Undefined control sequence.
l.2560 \DeclareVoidOption
                         {luatex}{%
? 
! Undefined control sequence.
l.2576 \DeclareVoidOption
                         {nativepdf}{%
? 
! Undefined control sequence.
\Hy@Error ->\@PackageError 
                           {hyperref}
l.2577   \HyOpt@CheckDvi{nativepdf}
                                   {%
? 
! Undefined control sequence.
<recently read> \ltx@gobble 
                            
l.2577   \HyOpt@CheckDvi{nativepdf}
                                   {%
? 
! Undefined control sequence.
l.2582 \DeclareVoidOption
                         {dvipdfm}{%
? 
! Undefined control sequence.
\Hy@Error ->\@PackageError 
                           {hyperref}
l.2583   \HyOpt@CheckDvi{dvipdfm}
                                 {%
? 
! Undefined control sequence.
<recently read> \ltx@gobble 
                            
l.2583   \HyOpt@CheckDvi{dvipdfm}
                                 {%
? 
! Undefined control sequence.
l.2587 \DeclareVoidOption
                         {dvipdfmx}{%
? 
! Undefined control sequence.
\Hy@Error ->\@PackageError 
                           {hyperref}
l.2588   \HyOpt@CheckDvi{dvipdfmx}
                                  {%
? 
! Undefined control sequence.
<recently read> \ltx@gobble 
                            
l.2588   \HyOpt@CheckDvi{dvipdfmx}
                                  {%
? 
! Undefined control sequence.
l.2601 \DeclareVoidOption
                         {xetex}{%
? 
! Undefined control sequence.
\Hy@Error ->\@PackageError 
                           {hyperref}
l.2605     \Hy@Error
                    {%
? 
! Undefined control sequence.
l.2611 \DeclareVoidOption
                         {pdfmark}{%
? 
! Undefined control sequence.
\Hy@Error ->\@PackageError 
                           {hyperref}
l.2612   \HyOpt@CheckDvi{pdfmark}
                                 {%
? 
! Undefined control sequence.
<recently read> \ltx@gobble 
                            
l.2612   \HyOpt@CheckDvi{pdfmark}
                                 {%
? 
! Undefined control sequence.
l.2616 \DeclareVoidOption
                         {dvips}{%
? 
! Undefined control sequence.
\Hy@Error ->\@PackageError 
                           {hyperref}
l.2617   \HyOpt@CheckDvi{dvips}
                               {%
? 
! Undefined control sequence.
<recently read> \ltx@gobble 
                            
l.2617   \HyOpt@CheckDvi{dvips}
                               {%
? 
! Undefined control sequence.
l.2622 \DeclareVoidOption
                         {hypertex}{%
? 
! Undefined control sequence.
\Hy@Error ->\@PackageError 
                           {hyperref}
l.2623   \HyOpt@CheckDvi{hypertex}
                                  {%
? 
! Undefined control sequence.
<recently read> \ltx@gobble 
                            
l.2623   \HyOpt@CheckDvi{hypertex}
                                  {%
? 
! Undefined control sequence.
l.2628 \DeclareVoidOption
                         {vtex}{%
? 
! Undefined control sequence.
\Hy@Error ->\@PackageError 
                           {hyperref}
l.2651     \Hy@Error
                    {%
? 
! Undefined control sequence.
l.2657 \DeclareVoidOption
                         {vtexpdfmark}{%
? 
! Undefined control sequence.
\Hy@Error ->\@PackageError 
                           {hyperref}
l.2668     \Hy@Error
                    {%
? 
! Undefined control sequence.
l.2674 \DeclareVoidOption
                         {dviwindo}{%
? 
! Undefined control sequence.
\Hy@Error ->\@PackageError 
                           {hyperref}
l.2675   \HyOpt@CheckDvi{dviwindo}
                                  {%
? 
! Undefined control sequence.
<recently read> \ltx@gobble 
                            
l.2675   \HyOpt@CheckDvi{dviwindo}
                                  {%
? 
! Undefined control sequence.
l.2677     \kvsetkeys
                     {Hyp}{colorlinks}%
? 
! Undefined control sequence.
l.2681 \DeclareVoidOption
                         {dvipsone}{%
? 
! Undefined control sequence.
\Hy@Error ->\@PackageError 
                           {hyperref}
l.2682   \HyOpt@CheckDvi{dvipsone}
                                  {%
? 
! Undefined control sequence.
<recently read> \ltx@gobble 
                            
l.2682   \HyOpt@CheckDvi{dvipsone}
                                  {%
? 
! Undefined control sequence.
l.2687 \DeclareVoidOption
                         {textures}{%
? 
! Undefined control sequence.
\Hy@Error ->\@PackageError 
                           {hyperref}
l.2688   \HyOpt@CheckDvi{textures}
                                  {%
? 
! Undefined control sequence.
<recently read> \ltx@gobble 
                            
l.2688   \HyOpt@CheckDvi{textures}
                                  {%
? 
! Undefined control sequence.
l.2692 \DeclareVoidOption
                         {latex2html}{%
? 
! Undefined control sequence.
\Hy@Warning ->\@PackageWarning 
                               {hyperref}
l.2693   \Hy@Warning
                    {Option `latex2html` is obsolete. \MessageBreak
? 
! Undefined control sequence.
l.2697 \DeclareVoidOption
                         {hitex}{%
? 
! Undefined control sequence.
\Hy@Error ->\@PackageError 
                           {hyperref}
l.2706     \Hy@Error
                    {%
? 
! Undefined control sequence.
l.2712 \DeclareVoidOption
                         {ps2pdf}{%
? 
! Undefined control sequence.
\Hy@Error ->\@PackageError 
                           {hyperref}
l.2713   \HyOpt@CheckDvi{ps2pdf}
                                {%
? 
! Undefined control sequence.
<recently read> \ltx@gobble 
                            
l.2713   \HyOpt@CheckDvi{ps2pdf}
                                {%
? 
! Undefined control sequence.
l.3174 \DeclareVoidOption
                         {vietnamese}{%
? 
! Undefined control sequence.
\Hy@AtEndOfPackage ->\ltx@LocalAppendToMacro 
                                             \Hy@AtEndOfPackageHook 
l.3176   \Hy@AtEndOfPackage
                           {%
? 
! Undefined control sequence.
\Hy@AtEndOfPackage ...acro \Hy@AtEndOfPackageHook 
                                                  
l.3176   \Hy@AtEndOfPackage
                           {%
? 

(C:\Users\DELL\scoop\apps\latex\current\texmfs\install\tex/latex/hyperref\puvne
nc.def
File: puvnenc.def 2023-07-08 v7.01b Hyperref: Additions to puenc.def for VnTeX
LaTeX Info: Composite with undeclared \h in encoding PU on input line 53.
)
! Undefined control sequence.
l.3182 \DeclareVoidOption
                         {vietnam}{%
? 
! Undefined control sequence.
\Hy@AtEndOfPackage ->\ltx@LocalAppendToMacro 
                                             \Hy@AtEndOfPackageHook 
l.3184   \Hy@AtEndOfPackage
                           {%
? 
! Undefined control sequence.
\Hy@AtEndOfPackage ...acro \Hy@AtEndOfPackageHook 
                                                  
l.3184   \Hy@AtEndOfPackage
                           {%
? 

(C:\Users\DELL\scoop\apps\latex\current\texmfs\install\tex/latex/hyperref\puvne
nc.def
File: puvnenc.def 2023-07-08 v7.01b Hyperref: Additions to puenc.def for VnTeX
LaTeX Info: Composite with undeclared \h in encoding PU on input line 53.
)
! Undefined control sequence.
l.3190 \DeclareVoidOption
                         {arabic}{%
? 
! Undefined control sequence.
\Hy@AtEndOfPackage ->\ltx@LocalAppendToMacro 
                                             \Hy@AtEndOfPackageHook 
l.3191   \Hy@AtEndOfPackage
                           {%
? 
! Undefined control sequence.
\Hy@AtEndOfPackage ...acro \Hy@AtEndOfPackageHook 
                                                  
l.3191   \Hy@AtEndOfPackage
                           {%
? 

(C:\Users\DELL\scoop\apps\latex\current\texmfs\install\tex/latex/hyperref\puare
nc.def
File: puarenc.def 2023-07-08 v7.01b Hyperref: Additions to puenc.def for Arabi
)
! Undefined control sequence.
l.3200 \DeclareVoidOption
                         {hidelinks}{%
? 
! Parameters must be numbered consecutively.
<to be read again> 
                   ##
l.3204   \def\Hy@colorlink##
                            1{\begingroup}%
? 
! Parameters must be numbered consecutively.
<to be read again> 
                   1
l.3204   \def\Hy@colorlink##1
                             {\begingroup}%
? 
! Undefined control sequence.
\Hy@AtBeginDocument ->\ltx@LocalAppendToMacro 
                                              \Hy@AtBeginDocumentHook 
l.3212 \Hy@AtBeginDocument
                          {%
? 
! Undefined control sequence.
\Hy@AtBeginDocument ...ro \Hy@AtBeginDocumentHook 
                                                  
l.3212 \Hy@AtBeginDocument
                          {%
? 
! Undefined control sequence.
l.3643 \kv@set@family@handler
                             {pdfinfo}{%
? 
! Undefined control sequence.
l.3644   \HyInfo@AddonHandler
                             {#1}{#2}%
? 
! You can't use `macro parameter character #' in horizontal mode.
l.3644   \HyInfo@AddonHandler{#
                               1}{#2}%
? 
! You can't use `macro parameter character #' in horizontal mode.
l.3644   \HyInfo@AddonHandler{#1}{#
                                   2}%
? 
! Undefined control sequence.
\Hy@AtBeginDocument ->\ltx@LocalAppendToMacro 
                                              \Hy@AtBeginDocumentHook 
l.3984 \Hy@AtBeginDocument
                          {%
? 
! Undefined control sequence.
\Hy@AtBeginDocument ...ro \Hy@AtBeginDocumentHook 
                                                  
l.3984 \Hy@AtBeginDocument
                          {%
? 
! Undefined control sequence.
l.4014 \SetupKeyvalOptions
                          {family=Hyp}
? 
! Undefined control sequence.
l.4015 \DeclareLocalOptions
                           {%
? 
! Undefined control sequence.
<argument> \ltx@IfUndefined 
                            {HCode}{}{\begingroup \def \Hy@pkg {tex4ht}\def ...
l.4048 }
        
? 
! Undefined control sequence.
<recently read> \ltx@firstofone 
                                
l.4048 }
        
? 
! Argument of \Hy@temp@A has an extra }.
<inserted text> 
                \par 
l.4048 }
        
? 
Runaway argument?
\Hy@NIL 
! Paragraph ended before \Hy@temp@A was complete.
<to be read again> 
                   \par 
l.4048 }
        
? 

Overfull \hbox (23.23918pt too wide) in paragraph at lines 2535--4048
\OT1/cmr/m/n/10.95 turn>  to quit. dvipdfmhy-per-refWrong DVI mode driver op-ti
on `dvipdfm',because
 []


Overfull \hbox (30.6416pt too wide) in paragraph at lines 2535--4048
\OT1/cmr/m/n/10.95 viet-nam  ara-bic   hidelinks                               
                                                             pdfinfo12
 []


Overfull \hbox (3.69264pt too wide) in paragraph at lines 2535--4048
\OT1/cmr/m/n/10.95 fam-ily=Hyp a4paper,a5paper,b5paper,letterpaper,legalpaper,e
xecutivepaper
 []

! Undefined control sequence.
l.4050 \ProcessKeyvalOptions
                            {Hyp}
? 

! LaTeX Error: Missing \begin{document}.

See the LaTeX manual or LaTeX Companion for explanation.
Type  H <return>  for immediate help.
 ...                                              
                                                  
l.4050 \ProcessKeyvalOptions{H
                              yp}
? 
! Undefined control sequence.
l.4052 \ltx@IfUndefined
                       {xspaceaddexceptions}{%
? 
! Undefined control sequence.
\Hy@AtBeginDocument ->\ltx@LocalAppendToMacro 
                                              \Hy@AtBeginDocumentHook 
l.4053   \Hy@AtBeginDocument
                            {%
? 
! Undefined control sequence.
\Hy@AtBeginDocument ...ro \Hy@AtBeginDocumentHook 
                                                  
l.4053   \Hy@AtBeginDocument
                            {%
? 
! Undefined control sequence.
l.4054     \ltx@IfUndefined
                           {xspaceaddexceptions}{%
? 
! Undefined control sequence.
l.4059       \xspaceaddexceptions
                                 {%
? 
! Undefined control sequence.
\Hy@xspace@end ->\ltx@gobble 
                             {end for xspace}
l.4060         \Hy@xspace@end
                             ,\hyper@linkend,\hyper@anchorend
? 
! Undefined control sequence.
l.4060         \Hy@xspace@end,\hyper@linkend
                                            ,\hyper@anchorend
? 
! Undefined control sequence.
l.4060 ...pace@end,\hyper@linkend,\hyper@anchorend
                                                  
? 
! Undefined control sequence.
l.4068   \xspaceaddexceptions
                             {\Hy@xspace@end,\hyper@linkend,\hyper@anchorend}%
? 
! Undefined control sequence.
\Hy@xspace@end ->\ltx@gobble 
                             {end for xspace}
l.4068   \xspaceaddexceptions{\Hy@xspace@end
                                            ,\hyper@linkend,\hyper@anchorend}%
? 
! Undefined control sequence.
l.4068 ...exceptions{\Hy@xspace@end,\hyper@linkend
                                                  ,\hyper@anchorend}%
? 
! Undefined control sequence.
l.4068 ...pace@end,\hyper@linkend,\hyper@anchorend
                                                  }%
? 
! Undefined control sequence.
\Hy@AtBeginDocument ->\ltx@LocalAppendToMacro 
                                              \Hy@AtBeginDocumentHook 
l.4070 \Hy@AtBeginDocument
                          {%
? 
! Undefined control sequence.
\Hy@AtBeginDocument ...ro \Hy@AtBeginDocumentHook 
                                                  
l.4070 \Hy@AtBeginDocument
                          {%
? 
! Undefined control sequence.
\Hy@DisableOption #1->\ltx@ifundefined 
                                       {KV@Hyp@#1@default}{\define@key {Hyp}...
l.4088   \Hy@DisableOption{draft}
                                 %
? 
! Missing { inserted.
<recently read> }
                 
l.4088   \Hy@DisableOption{draft}
                                 %
? 
! Missing { inserted.
\Hy@DisableOption ...#1}}{\define@key {Hyp}{#1}[]}
                                                  {\Hy@WarnOptionDisabled {#1}}
l.4088   \Hy@DisableOption{draft}
                                 %
? 
! Undefined control sequence.
\Hy@Warning ->\@PackageWarning 
                               {hyperref}
l.4088   \Hy@DisableOption{draft}
                                 %
? 
! Undefined control sequence.
\Hy@DisableOption #1->\ltx@ifundefined 
                                       {KV@Hyp@#1@default}{\define@key {Hyp}...
l.4089   \Hy@DisableOption{nolinks}
                                   %
? 
! Missing { inserted.
<recently read> }
                 
l.4089   \Hy@DisableOption{nolinks}
                                   %
? 
! Missing { inserted.
\Hy@DisableOption ...#1}}{\define@key {Hyp}{#1}[]}
                                                  {\Hy@WarnOptionDisabled {#1}}
l.4089   \Hy@DisableOption{nolinks}
                                   %
? 
! Undefined control sequence.
\Hy@Warning ->\@PackageWarning 
                               {hyperref}
l.4089   \Hy@DisableOption{nolinks}
                                   %
? 
! Undefined control sequence.
\Hy@DisableOption #1->\ltx@ifundefined 
                                       {KV@Hyp@#1@default}{\define@key {Hyp}...
l.4090   \Hy@DisableOption{final}
                                 %
? 
! Missing { inserted.
<recently read> }
                 
l.4090   \Hy@DisableOption{final}
                                 %
? 
! Missing { inserted.
\Hy@DisableOption ...#1}}{\define@key {Hyp}{#1}[]}
                                                  {\Hy@WarnOptionDisabled {#1}}
l.4090   \Hy@DisableOption{final}
                                 %
? 
! Undefined control sequence.
\Hy@Warning ->\@PackageWarning 
                               {hyperref}
l.4090   \Hy@DisableOption{final}
                                 %
? 
! Undefined control sequence.
\Hy@DisableOption #1->\ltx@ifundefined 
                                       {KV@Hyp@#1@default}{\define@key {Hyp}...
l.4092 \Hy@DisableOption{pdfa}
                              
? 
! Missing { inserted.
<recently read> }
                 
l.4092 \Hy@DisableOption{pdfa}
                              
? 
! Missing { inserted.
\Hy@DisableOption ...#1}}{\define@key {Hyp}{#1}[]}
                                                  {\Hy@WarnOptionDisabled {#1}}
l.4092 \Hy@DisableOption{pdfa}
                              
? 
! Undefined control sequence.
\Hy@Warning ->\@PackageWarning 
                               {hyperref}
l.4092 \Hy@DisableOption{pdfa}
                              
? 
! Undefined control sequence.
\Hy@Info ->\@PackageInfo 
                         {hyperref}
l.4167   \Hy@Info
                 {Hyper figures OFF}%
? 
! Undefined control sequence.
\Hy@Info ->\@PackageInfo 
                         {hyperref}
l.4172   \Hy@Info
                 {Link nesting OFF}%
? 
! Undefined control sequence.
\Hy@Info ->\@PackageInfo 
                         {hyperref}
l.4175   \Hy@Info
                 {Hyper index ON}%
? 
! Undefined control sequence.
\Hy@Info ->\@PackageInfo 
                         {hyperref}
l.4182   \Hy@Info
                 {Plain pages OFF}%
? 
! Undefined control sequence.
\Hy@Info ->\@PackageInfo 
                         {hyperref}
l.4187   \Hy@Info
                 {Backreferencing OFF}%
? 
! Undefined control sequence.
\Hy@InfoNoLine ->\@PackageInfoNoLine 
                                     {hyperref}
l.4190   \Hy@InfoNoLine
                       {Implicit mode ON; LaTeX internals redefined}%
? 
! Undefined control sequence.
\Hy@DisableOption #1->\ltx@ifundefined 
                                       {KV@Hyp@#1@default}{\define@key {Hyp}...
l.4214 \Hy@DisableOption{implicit}
                                  
? 
! Missing { inserted.
<recently read> }
                 
l.4214 \Hy@DisableOption{implicit}
                                  
? 
! Missing { inserted.
\Hy@DisableOption ...#1}}{\define@key {Hyp}{#1}[]}
                                                  {\Hy@WarnOptionDisabled {#1}}
l.4214 \Hy@DisableOption{implicit}
                                  
? 
! Undefined control sequence.
\Hy@Warning ->\@PackageWarning 
                               {hyperref}
l.4214 \Hy@DisableOption{implicit}
                                  
? 
! Undefined control sequence.
\Hy@AtEndOfPackage ->\ltx@LocalAppendToMacro 
                                             \Hy@AtEndOfPackageHook 
l.4217 \Hy@AtEndOfPackage
                         {%
? 
! Undefined control sequence.
\Hy@AtEndOfPackage ...acro \Hy@AtEndOfPackageHook 
                                                  
l.4217 \Hy@AtEndOfPackage
                         {%
? 
! Undefined control sequence.
\Hy@WarningNoLine ->\@PackageWarningNoLine 
                                           {hyperref}
l.4232         \Hy@WarningNoLine
                                {%
? 
! Undefined control sequence.
l.4233           Wrong driver `\Hy@driver
                                         .def';\MessageBreak
? 
! Undefined control sequence.
\Hy@InfoNoLine ->\@PackageInfoNoLine 
                                     {hyperref}
l.4377   \Hy@InfoNoLine
                       {Driver\HyOpt@DriverType: \Hy@driver}%
? 
! Undefined control sequence.
l.4377   \Hy@InfoNoLine{Driver\HyOpt@DriverType
                                               : \Hy@driver}%
? 

(C:\Users\DELL\scoop\apps\latex\current\texmfs\install\tex/latex/hyperref\hpdft
ex.def
File: hpdftex.def 2023-07-08 v7.01b Hyperref driver for pdfTeX

! Undefined control sequence.
\Hy@VersionCheck #1->\begingroup \ltx@IfUndefined 
                                                  {ver@hyperref.sty}{\Hy@Err...
l.38 \Hy@VersionCheck{hpdftex.def}
                                  
? 
! Undefined control sequence.
\Hy@Error ->\@PackageError 
                           {hyperref}
l.38 \Hy@VersionCheck{hpdftex.def}
                                  
? 
! Undefined control sequence.
\Hy@VersionCheck ...sion}\@ehd }{\ltx@IfUndefined 
                                                  {ver@#1}{\Hy@Error {This s...
l.38 \Hy@VersionCheck{hpdftex.def}
                                  
? 
! Undefined control sequence.
\Hy@Error ->\@PackageError 
                           {hyperref}
l.38 \Hy@VersionCheck{hpdftex.def}
                                  
? 
! Undefined control sequence.
l.39 \pdf@ifdraftmode
                     {%
? 

(C:\Users\DELL\scoop\apps\latex\current\texmfs\install\tex/latex/base\atveryend
-ltx.sty
Package: atveryend-ltx 2020/08/19 v1.0a Emulation of the original atveryend pac
kage
with kernel methods
)
! Undefined control sequence.
\Hy@DisableOption #1->\ltx@ifundefined 
                                       {KV@Hyp@#1@default}{\define@key {Hyp}...
l.209 \Hy@DisableOption{pdfversion}
                                   %
? 
! Missing { inserted.
<recently read> }
                 
l.209 \Hy@DisableOption{pdfversion}
                                   %
? 
! Missing { inserted.
\Hy@DisableOption ...#1}}{\define@key {Hyp}{#1}[]}
                                                  {\Hy@WarnOptionDisabled {#1}}
l.209 \Hy@DisableOption{pdfversion}
                                   %
? 
! Undefined control sequence.
\Hy@Warning ->\@PackageWarning 
                               {hyperref}
l.209 \Hy@DisableOption{pdfversion}
                                   %
? 
! Undefined control sequence.
\Hy@DisableOption #1->\ltx@ifundefined 
                                       {KV@Hyp@#1@default}{\define@key {Hyp}...
l.313   \Hy@DisableOption{ocgcolorlinks}
                                        %
? 
! Missing { inserted.
<recently read> }
                 
l.313   \Hy@DisableOption{ocgcolorlinks}
                                        %
? 
! Missing { inserted.
\Hy@DisableOption ...#1}}{\define@key {Hyp}{#1}[]}
                                                  {\Hy@WarnOptionDisabled {#1}}
l.313   \Hy@DisableOption{ocgcolorlinks}
                                        %
? 
! Undefined control sequence.
\Hy@Warning ->\@PackageWarning 
                               {hyperref}
l.313   \Hy@DisableOption{ocgcolorlinks}
                                        %
? 
! Undefined control sequence.
l.668 \pdf@ifdraftmode
                      {}{%
? 
! Undefined control sequence.
<argument> \Hy@EveryPageHook 
                             
l.672   }
         %
? 
! Emergency stop.
<argument> \Hy@EveryPageHook 
                             
l.672   }
         %
End of file on the terminal!

 
Here is how much of TeX's memory you used:
 5677 strings out of 475248
 81632 string characters out of 5753548
 1925785 words of memory out of 5000000
 27221 multiletter control sequences out of 15000+600000
 558369 words of font info for 37 fonts, out of 8000000 for 9000
 1141 hyphenation exceptions out of 8191
 70i,0n,73p,232b,372s stack positions out of 10000i,1000n,20000p,200000b,200000s
!  ==> Fatal error occurred, no output PDF file produced!
